Python executable: b:\Master\MasterG\backend\proxy\venv\Scripts\python.exe
Python version: 3.12.2 (tags/v3.12.2:6abddd9, Feb  6 2024, 21:26:36) [MSC v.1937 64 bit (AMD64)]
CWD: B:\Master\MasterG\backend\proxy
Attempting to import torch...
Traceback (most recent call last):
  File "b:\Master\MasterG\backend\proxy\diagnostic.py", line 10, in <module>
    import torch
ModuleNotFoundError: No module named 'torch'

During handling of the above exception, another exception occurred:

Traceback (most recent call last):
  File "b:\Master\MasterG\backend\proxy\diagnostic.py", line 27, in <module>
    print(f"\n\u274c ERROR during diagnostic: {e}")
  File "C:\Program Files\Python312\Lib\encodings\cp1252.py", line 19, in encode
    return codecs.charmap_encode(input,self.errors,encoding_table)[0]
           ^^^^^^^^^^^^^^^^^^^^^^^^^^^^^^^^^^^^^^^^^^^^^^^^^^^^^^^
UnicodeEncodeError: 'charmap' codec can't encode character '\u274c' in position 2: character maps to <undefined>
